{"D:\\netology\\Prodv-JS\\DZ4-2--Matchers\\src\\calculate.js": {"path":"D:\\netology\\Prodv-JS\\DZ4-2--Matchers\\src\\calculate.js","statementMap":{"0":{"start":{"line":15,"column":2},"end":{"line":15,"column":54}},"1":{"start":{"line":15,"column":33},"end":{"line":15,"column":52}},"2":{"start":{"line":18,"column":0},"end":{"line":23,"column":1}}},"fnMap":{"0":{"name":"totalTwo","decl":{"start":{"line":14,"column":24},"end":{"line":14,"column":32}},"loc":{"start":{"line":14,"column":43},"end":{"line":16,"column":1}},"line":14},"1":{"name":"(anonymous_1)","decl":{"start":{"line":15,"column":23},"end":{"line":15,"column":24}},"loc":{"start":{"line":15,"column":33},"end":{"line":15,"column":52}},"line":15}},"branchMap":{},"s":{"0":2,"1":8,"2":1},"f":{"0":2,"1":8},"b":{},"_coverageSchema":"1a1c01bbd47fc00a2c39e90264f33305004495a9","hash":"45d246f0b2c7fe6e2d23b508ab8e515f31c00aa1"}
}
